<?xml version="1.0" encoding="UTF-8"?>
<testsuite xmlns:xsi="http://www.w3.org/2001/XMLSchema-instance" xsi:noNamespaceSchemaLocation="https://maven.apache.org/surefire/maven-surefire-plugin/xsd/surefire-test-report-3.0.xsd" version="3.0" name="com.example.AppTest" time="0.027" tests="1" errors="0" skipped="0" failures="0">
  <properties>
    <property name="sun.desktop" value="windows"/>
    <property name="awt.toolkit" value="sun.awt.windows.WToolkit"/>
    <property name="java.specification.version" value="11"/>
    <property name="sun.cpu.isalist" value="amd64"/>
    <property name="sun.jnu.encoding" value="Cp1252"/>
    <property name="java.class.path" value="G:\ULPGC\BIG DATA\grupowy2\JavaInvertedIndex\target\test-classes;G:\ULPGC\BIG DATA\grupowy2\JavaInvertedIndex\target\classes;C:\Users\andrz\.m2\repository\org\json\json\20230227\json-20230227.jar;C:\Users\andrz\.m2\repository\org\openjdk\jmh\jmh-core\1.35\jmh-core-1.35.jar;C:\Users\andrz\.m2\repository\net\sf\jopt-simple\jopt-simple\5.0.4\jopt-simple-5.0.4.jar;C:\Users\andrz\.m2\repository\org\apache\commons\commons-math3\3.2\commons-math3-3.2.jar;C:\Users\andrz\.m2\repository\org\openjdk\jmh\jmh-generator-annprocess\1.35\jmh-generator-annprocess-1.35.jar;C:\Users\andrz\.m2\repository\junit\junit\4.13.2\junit-4.13.2.jar;C:\Users\andrz\.m2\repository\org\hamcrest\hamcrest-core\1.3\hamcrest-core-1.3.jar;"/>
    <property name="java.vm.vendor" value="Microsoft"/>
    <property name="sun.arch.data.model" value="64"/>
    <property name="user.variant" value=""/>
    <property name="java.vendor.url" value="https://www.microsoft.com"/>
    <property name="user.timezone" value="Africa/Casablanca"/>
    <property name="java.vm.specification.version" value="11"/>
    <property name="os.name" value="Windows 11"/>
    <property name="sun.java.launcher" value="SUN_STANDARD"/>
    <property name="user.country" value="PL"/>
    <property name="sun.boot.library.path" value="C:\Program Files\Microsoft\jdk-11.0.16.101-hotspot\bin"/>
    <property name="sun.java.command" value="C:\Users\andrz\AppData\Local\Temp\surefire584173798270430508\surefirebooter-20241027204101405_3.jar C:\Users\andrz\AppData\Local\Temp\surefire584173798270430508 2024-10-27T20-41-00_440-jvmRun1 surefire-20241027204101405_1tmp surefire_0-20241027204101405_2tmp"/>
    <property name="jdk.debug" value="release"/>
    <property name="surefire.test.class.path" value="G:\ULPGC\BIG DATA\grupowy2\JavaInvertedIndex\target\test-classes;G:\ULPGC\BIG DATA\grupowy2\JavaInvertedIndex\target\classes;C:\Users\andrz\.m2\repository\org\json\json\20230227\json-20230227.jar;C:\Users\andrz\.m2\repository\org\openjdk\jmh\jmh-core\1.35\jmh-core-1.35.jar;C:\Users\andrz\.m2\repository\net\sf\jopt-simple\jopt-simple\5.0.4\jopt-simple-5.0.4.jar;C:\Users\andrz\.m2\repository\org\apache\commons\commons-math3\3.2\commons-math3-3.2.jar;C:\Users\andrz\.m2\repository\org\openjdk\jmh\jmh-generator-annprocess\1.35\jmh-generator-annprocess-1.35.jar;C:\Users\andrz\.m2\repository\junit\junit\4.13.2\junit-4.13.2.jar;C:\Users\andrz\.m2\repository\org\hamcrest\hamcrest-core\1.3\hamcrest-core-1.3.jar;"/>
    <property name="sun.cpu.endian" value="little"/>
    <property name="user.home" value="C:\Users\andrz"/>
    <property name="user.language" value="pl"/>
    <property name="java.specification.vendor" value="Oracle Corporation"/>
    <property name="java.version.date" value="2022-08-12"/>
    <property name="java.home" value="C:\Program Files\Microsoft\jdk-11.0.16.101-hotspot"/>
    <property name="file.separator" value="\"/>
    <property name="basedir" value="G:\ULPGC\BIG DATA\grupowy2\JavaInvertedIndex"/>
    <property name="java.vm.compressedOopsMode" value="Zero based"/>
    <property name="line.separator" value="&#10;"/>
    <property name="java.specification.name" value="Java Platform API Specification"/>
    <property name="java.vm.specification.vendor" value="Oracle Corporation"/>
    <property name="java.awt.graphicsenv" value="sun.awt.Win32GraphicsEnvironment"/>
    <property name="surefire.real.class.path" value="C:\Users\andrz\AppData\Local\Temp\surefire584173798270430508\surefirebooter-20241027204101405_3.jar"/>
    <property name="user.script" value=""/>
    <property name="sun.management.compiler" value="HotSpot 64-Bit Tiered Compilers"/>
    <property name="java.runtime.version" value="11.0.16.1+1-LTS"/>
    <property name="user.name" value="andrz"/>
    <property name="path.separator" value=";"/>
    <property name="os.version" value="10.0"/>
    <property name="java.runtime.name" value="OpenJDK Runtime Environment"/>
    <property name="file.encoding" value="Cp1252"/>
    <property name="java.vm.name" value="OpenJDK 64-Bit Server VM"/>
    <property name="java.vendor.version" value="Microsoft-40648"/>
    <property name="localRepository" value="C:\Users\andrz\.m2\repository"/>
    <property name="java.vendor.url.bug" value="https://github.com/microsoft/openjdk/issues"/>
    <property name="java.io.tmpdir" value="C:\Users\andrz\AppData\Local\Temp\"/>
    <property name="java.version" value="11.0.16.1"/>
    <property name="user.dir" value="G:\ULPGC\BIG DATA\grupowy2\JavaInvertedIndex"/>
    <property name="os.arch" value="amd64"/>
    <property name="java.vm.specification.name" value="Java Virtual Machine Specification"/>
    <property name="java.awt.printerjob" value="sun.awt.windows.WPrinterJob"/>
    <property name="sun.os.patch.level" value=""/>
    <property name="java.library.path" value="C:\Program Files\Microsoft\jdk-11.0.16.101-hotspot\bin;C:\WINDOWS\Sun\Java\bin;C:\WINDOWS\system32;C:\WINDOWS;C:\Program Files\Microsoft\jdk-11.0.16.101-hotspot\bin;C:\Windows\system32;C:\Windows;C:\Windows\System32\Wbem;C:\Windows\System32\WindowsPowerShell\v1.0\;C:\Windows\System32\OpenSSH\;C:\Program Files (x86)\NVIDIA Corporation\PhysX\Common;C:\WINDOWS\system32;C:\WINDOWS;C:\WINDOWS\System32\Wbem;C:\WINDOWS\System32\WindowsPowerShell\v1.0\;C:\WINDOWS\System32\OpenSSH\;C:\WINDOWS\system32;C:\WINDOWS;C:\WINDOWS\System32\Wbem;C:\WINDOWS\System32\WindowsPowerShell\v1.0\;C:\WINDOWS\System32\OpenSSH\;C:\Program Files\NVIDIA Corporation\NVIDIA NvDLISR;C:\Program Files\dotnet\;C:\Program Files\Microsoft SQL Server\Client SDK\ODBC\170\Tools\Binn\;C:\Program Files (x86)\Windows Kits\10\Windows Performance Toolkit\;C:\Program Files\Git\cmd;G:\ULPGC\apache-maven-3.9.9-bin\apache-maven-3.9.9\bin;E:\Users\andrz\AppData\Local\Programs\Python\Python312\Scripts\;E:\Users\andrz\AppData\Local\Programs\Python\Python312\;C:\Users\andrz\AppData\Local\Microsoft\WindowsApps;G:\Programy\PyCharm Community Edition 2024.2.2\bin;;E:\Program Files (x86)\IntelliJ IDEA Community Edition 2024.2.3\bin;;C:\Program Files\Azure Data Studio\bin;C:\Users\andrz\.dotnet\tools;."/>
    <property name="java.vm.info" value="mixed mode"/>
    <property name="java.vendor" value="Microsoft"/>
    <property name="java.vm.version" value="11.0.16.1+1-LTS"/>
    <property name="sun.io.unicode.encoding" value="UnicodeLittle"/>
    <property name="java.class.version" value="55.0"/>
  </properties>
  <testcase name="testApp" classname="com.example.AppTest" time="0.001"/>
</testsuite>